<?xml version="1.0" encoding="UTF-8"?>
<!-- Generated by org.testng.reporters.JUnitReportReporter -->
<testsuite skipped="0" hostname="gonens-MacBook-2.local" name="com.hubspot.tests.ContactsPageTest" tests="4" failures="0" timestamp="2020-07-28T11:18:52 EDT" time="101.985" errors="0">
  <testcase name="verifyContactsPageTitle" time="22.608" classname="com.hubspot.tests.ContactsPageTest"/>
  <system-out/>
  <testcase name="createContactsTest" time="25.726" classname="com.hubspot.tests.ContactsPageTest"/>
  <system-out/>
  <testcase name="createContactsTest" time="26.379" classname="com.hubspot.tests.ContactsPageTest"/>
  <system-out/>
  <testcase name="createContactsTest" time="27.272" classname="com.hubspot.tests.ContactsPageTest"/>
  <system-out/>
</testsuite> <!-- com.hubspot.tests.ContactsPageTest -->
