<?xml version="1.0" encoding="UTF-8"?>
<!-- Generated by org.testng.reporters.JUnitReportReporter -->
<testsuite skipped="0" hostname="gonens-MacBook-2.local" name="com.hubspot.tests.LoginPageTest" tests="1" failures="0" timestamp="2020-08-17T00:13:27 EDT" time="9.288" errors="0">
  <testcase name="getTitle" time="9.288" classname="com.hubspot.tests.LoginPageTest"/>
  <system-out/>
</testsuite> <!-- com.hubspot.tests.LoginPageTest -->
