<?xml version="1.0" encoding="UTF-8"?>
<!-- Generated by org.testng.reporters.JUnitReportReporter -->
<testsuite skipped="0" hostname="gonens-MacBook-2.local" name="com.hubspot.tests.HomePageTest" tests="3" failures="0" timestamp="2020-07-27T15:45:40 EDT" time="0.337" errors="0">
  <testcase name="verifyHomePageTitle" time="0.040" classname="com.hubspot.tests.HomePageTest"/>
  <system-out/>
  <testcase name="verifyHomePageHeaderTest" time="0.134" classname="com.hubspot.tests.HomePageTest"/>
  <system-out/>
  <testcase name="verifyLoggedInUserInfo" time="0.163" classname="com.hubspot.tests.HomePageTest"/>
  <system-out/>
</testsuite> <!-- com.hubspot.tests.HomePageTest -->
