<?xml version="1.0" encoding="UTF-8"?>
<!-- Generated by org.testng.reporters.JUnitReportReporter -->
<testsuite skipped="1" hostname="gonens-MacBook-2.local" name="com.hubspot.tests.LoginPageTest" tests="8" failures="0" timestamp="2020-07-27T15:45:40 EDT" time="4.067" errors="0">
  <testcase name="getTitle" time="0.020" classname="com.hubspot.tests.LoginPageTest"/>
  <system-out/>
  <testcase name="verifySignUpLinkTest" time="0.164" classname="com.hubspot.tests.LoginPageTest"/>
  <system-out/>
  <testcase name="login_invalidTestCase" time="0.643" classname="com.hubspot.tests.LoginPageTest"/>
  <system-out/>
  <testcase name="login_invalidTestCase" time="0.632" classname="com.hubspot.tests.LoginPageTest"/>
  <system-out/>
  <testcase name="login_invalidTestCase" time="1.443" classname="com.hubspot.tests.LoginPageTest"/>
  <system-out/>
  <testcase name="login_invalidTestCase" time="0.592" classname="com.hubspot.tests.LoginPageTest"/>
  <system-out/>
  <testcase name="login_invalidTestCase" time="0.573" classname="com.hubspot.tests.LoginPageTest"/>
  <system-out/>
  <testcase name="loginTest1" classname="com.hubspot.tests.LoginPageTest">
    <skipped/>
  </testcase> <!-- loginTest1 -->
  <system-out/>
</testsuite> <!-- com.hubspot.tests.LoginPageTest -->
